<?xml version="1.0" encoding="UTF-8"?>
<!-- Generated by org.testng.reporters.JUnitReportReporter -->
<testsuite hostname="DESKTOP-PJRNU1D" failures="0" tests="2" name="test.TestExample" time="2.194" errors="0" timestamp="2021-01-09T00:10:56 IST" skipped="0">
  <testcase classname="test.TestExample" name="test_1" time="1.363"/>
  <testcase classname="test.TestExample" name="test_2" time="0.831"/>
</testsuite> <!-- test.TestExample -->
