<?xml version="1.0" encoding="UTF-8"?>
<!-- Generated by org.testng.reporters.JUnitReportReporter -->
<testsuite hostname="DESKTOP-PJRNU1D" failures="0" tests="3" name="test.PutPatchDeleteExample" time="3.233" errors="0" timestamp="2021-01-10T00:01:25 IST" skipped="0">
  <testcase classname="test.PutPatchDeleteExample" name="deletetest" time="1.771"/>
  <testcase classname="test.PutPatchDeleteExample" name="puttest" time="0.726"/>
  <testcase classname="test.PutPatchDeleteExample" name="patchtest" time="0.736"/>
</testsuite> <!-- test.PutPatchDeleteExample -->
