<?xml version="1.0" encoding="UTF-8"?>
<!-- Generated by org.testng.reporters.JUnitReportReporter -->
<testsuite hostname="DESKTOP-PJRNU1D" failures="0" tests="1" name="test.SoaprequestExample" time="1.932" errors="0" timestamp="2021-01-11T23:30:46 IST" skipped="0">
  <testcase classname="test.SoaprequestExample" name="soaprequest" time="1.932"/>
</testsuite> <!-- test.SoaprequestExample -->
