<?xml version="1.0" encoding="UTF-8"?>
<!-- Generated by org.testng.reporters.JUnitReportReporter -->
<testsuite hostname="DESKTOP-PJRNU1D" failures="0" tests="1" name="test.TestLocalAPI" time="1.010" errors="0" timestamp="2021-01-10T01:06:35 IST" skipped="0">
  <testcase classname="test.TestLocalAPI" name="delete" time="1.010"/>
</testsuite> <!-- test.TestLocalAPI -->
